2026-04-09 01:30:35,704 - INFO - Starting password crack attempt
2026-04-09 01:30:35,704 - INFO - Hash: 098f6bcd4621d373cade4e832627b4f6
2026-04-09 01:30:35,704 - INFO - Hash type: md5
2026-04-09 01:30:35,704 - INFO - Attack mode: brute
2026-04-09 01:30:35,704 - INFO - GPU acceleration: Disabled
2026-04-09 01:30:35,997 - INFO - SUCCESS: Password found: test
2026-04-09 01:30:35,997 - INFO - Time elapsed: 0.29 seconds
2026-04-09 01:30:35,997 - INFO - Attempts made: 337136
2026-04-09 01:30:35,997 - INFO - Attempts per second: 1152731.30
2026-04-09 01:30:35,997 - INFO - --------------------------------------------------
2026-04-09 01:30:36,219 - INFO - Starting password crack attempt
2026-04-09 01:30:36,219 - INFO - Hash: 098f6bcd4621d373cade4e832627b4f6
2026-04-09 01:30:36,219 - INFO - Hash type: md5
2026-04-09 01:30:36,219 - INFO - Attack mode: brute
2026-04-09 01:30:36,219 - INFO - GPU acceleration: Disabled
2026-04-09 01:30:36,515 - INFO - SUCCESS: Password found: test
2026-04-09 01:30:36,515 - INFO - Time elapsed: 0.30 seconds
2026-04-09 01:30:36,515 - INFO - Attempts made: 337136
2026-04-09 01:30:36,515 - INFO - Attempts per second: 1139503.47
2026-04-09 01:30:36,515 - INFO - --------------------------------------------------
2026-04-09 01:30:36,842 - INFO - Starting password crack attempt
2026-04-09 01:30:36,842 - INFO - Hash: 5e884898da28047151d0e56f8dc6292773603d0d6aabbdd62a11ef721d1542d8
2026-04-09 01:30:36,842 - INFO - Hash type: sha256
2026-04-09 01:30:36,842 - INFO - Attack mode: dictionary
2026-04-09 01:30:36,842 - INFO - GPU acceleration: Disabled
2026-04-09 01:30:36,843 - INFO - SUCCESS: Password found: password
2026-04-09 01:30:36,843 - INFO - Time elapsed: 0.00 seconds
2026-04-09 01:30:36,843 - INFO - Attempts made: 1
2026-04-09 01:30:36,843 - INFO - Attempts per second: 2953.74
2026-04-09 01:30:36,843 - INFO - --------------------------------------------------
2026-04-09 01:32:32,257 - INFO - Starting password crack attempt
2026-04-09 01:32:32,257 - INFO - Hash: 9f86d081884c7d659a2feaa0c55ad015a3bf4f1b2b0b822cd15d6c15b0f00a08
2026-04-09 01:32:32,257 - INFO - Hash type: sha256
2026-04-09 01:32:32,257 - INFO - Attack mode: brute
2026-04-09 01:32:32,257 - INFO - GPU acceleration: Disabled
2026-04-09 01:32:32,537 - INFO - SUCCESS: Password found: test
2026-04-09 01:32:32,537 - INFO - Time elapsed: 0.28 seconds
2026-04-09 01:32:32,537 - INFO - Attempts made: 337136
2026-04-09 01:32:32,537 - INFO - Attempts per second: 1206095.83
2026-04-09 01:32:32,537 - INFO - --------------------------------------------------
2026-04-09 01:32:32,762 - INFO - Starting password crack attempt
2026-04-09 01:32:32,762 - INFO - Hash: 9f86d081884c7d659a2feaa0c55ad015a3bf4f1b2b0b822cd15d6c15b0f00a08
2026-04-09 01:32:32,762 - INFO - Hash type: sha256
2026-04-09 01:32:32,762 - INFO - Attack mode: brute
2026-04-09 01:32:32,762 - INFO - GPU acceleration: Disabled
2026-04-09 01:32:33,035 - INFO - SUCCESS: Password found: test
2026-04-09 01:32:33,035 - INFO - Time elapsed: 0.27 seconds
2026-04-09 01:32:33,035 - INFO - Attempts made: 337136
2026-04-09 01:32:33,035 - INFO - Attempts per second: 1234563.81
2026-04-09 01:32:33,035 - INFO - --------------------------------------------------
2026-04-09 01:32:33,364 - INFO - Starting password crack attempt
2026-04-09 01:32:33,364 - INFO - Hash: 5e884898da28047151d0e56f8dc6292773603d0d6aabbdd62a11ef721d1542d8
2026-04-09 01:32:33,364 - INFO - Hash type: sha256
2026-04-09 01:32:33,364 - INFO - Attack mode: dictionary
2026-04-09 01:32:33,364 - INFO - GPU acceleration: Disabled
2026-04-09 01:32:33,364 - INFO - SUCCESS: Password found: password
2026-04-09 01:32:33,365 - INFO - Time elapsed: 0.00 seconds
2026-04-09 01:32:33,365 - INFO - Attempts made: 1
2026-04-09 01:32:33,365 - INFO - Attempts per second: 1615.06
2026-04-09 01:32:33,365 - INFO - --------------------------------------------------
2026-04-09 01:46:30,004 - INFO - Starting password crack attempt
2026-04-09 01:46:30,005 - INFO - Hash: 5f4dcc3b5aa765d61d8327deb882cf99
2026-04-09 01:46:30,005 - INFO - Hash type: md5
2026-04-09 01:46:30,005 - INFO - Attack mode: dictionary
2026-04-09 01:46:30,005 - INFO - GPU acceleration: Disabled
2026-04-09 01:46:30,006 - INFO - SUCCESS: Password found: password
2026-04-09 01:46:30,006 - INFO - Time elapsed: 0.00 seconds
2026-04-09 01:46:30,006 - INFO - Attempts made: 1
2026-04-09 01:46:30,006 - INFO - Attempts per second: 696.38
2026-04-09 01:46:30,006 - INFO - --------------------------------------------------
2026-04-09 01:46:30,007 - INFO - Starting password crack attempt
2026-04-09 01:46:30,008 - INFO - Hash: 098f6bcd4621d373cade4e832627b4f6
2026-04-09 01:46:30,008 - INFO - Hash type: md5
2026-04-09 01:46:30,008 - INFO - Attack mode: brute
2026-04-09 01:46:30,008 - INFO - GPU acceleration: Disabled
2026-04-09 01:46:30,435 - INFO - SUCCESS: Password found: test
2026-04-09 01:46:30,435 - INFO - Time elapsed: 0.43 seconds
2026-04-09 01:46:30,435 - INFO - Attempts made: 337136
2026-04-09 01:46:30,435 - INFO - Attempts per second: 789199.23
2026-04-09 01:46:30,436 - INFO - --------------------------------------------------
2026-04-09 01:46:30,437 - INFO - Starting password crack attempt
2026-04-09 01:46:30,437 - INFO - Hash: 482c811da5d5b4bc6d497ffa98491e38
2026-04-09 01:46:30,437 - INFO - Hash type: md5
2026-04-09 01:46:30,437 - INFO - Attack mode: hybrid
2026-04-09 01:46:30,437 - INFO - GPU acceleration: Disabled
2026-04-09 01:46:30,438 - INFO - SUCCESS: Password found: password123
2026-04-09 01:46:30,438 - INFO - Time elapsed: 0.00 seconds
2026-04-09 01:46:30,438 - INFO - Attempts made: 124
2026-04-09 01:46:30,439 - INFO - Attempts per second: 88874.52
2026-04-09 01:46:30,439 - INFO - --------------------------------------------------
2026-04-09 01:46:30,440 - INFO - Starting password crack attempt
2026-04-09 01:46:30,440 - INFO - Hash: 0192023a7bbd73250516f069df18b500
2026-04-09 01:46:30,440 - INFO - Hash type: md5
2026-04-09 01:46:30,440 - INFO - Attack mode: rule
2026-04-09 01:46:30,440 - INFO - GPU acceleration: Disabled
2026-04-09 01:46:30,664 - INFO - SUCCESS: Password found: admin123
2026-04-09 01:46:30,664 - INFO - Time elapsed: 0.22 seconds
2026-04-09 01:46:30,664 - INFO - Attempts made: 83725
2026-04-09 01:46:30,665 - INFO - Attempts per second: 373043.37
2026-04-09 01:46:30,665 - INFO - --------------------------------------------------
2026-04-09 01:46:30,665 - INFO - Starting password crack attempt
2026-04-09 01:46:30,665 - INFO - Hash: 5f4dcc3b5aa765d61d8327deb882cf99
2026-04-09 01:46:30,665 - INFO - Hash type: md5
2026-04-09 01:46:30,666 - INFO - Attack mode: auto
2026-04-09 01:46:30,666 - INFO - GPU acceleration: Disabled
2026-04-09 01:46:30,666 - INFO - SUCCESS: Password found: password
2026-04-09 01:46:30,667 - INFO - Time elapsed: 0.00 seconds
2026-04-09 01:46:30,667 - INFO - Attempts made: 1
2026-04-09 01:46:30,667 - INFO - Attempts per second: 818.40
2026-04-09 01:46:30,667 - INFO - --------------------------------------------------
2026-04-09 01:46:30,668 - INFO - Starting password crack attempt
2026-04-09 01:46:30,668 - INFO - Hash: 5baa61e4c9b93f3f0682250b6cf8331b7ee68fd8
2026-04-09 01:46:30,668 - INFO - Hash type: sha1
2026-04-09 01:46:30,669 - INFO - Attack mode: dictionary
2026-04-09 01:46:30,669 - INFO - GPU acceleration: Disabled
2026-04-09 01:46:30,669 - INFO - SUCCESS: Password found: password
2026-04-09 01:46:30,670 - INFO - Time elapsed: 0.00 seconds
2026-04-09 01:46:30,670 - INFO - Attempts made: 1
2026-04-09 01:46:30,670 - INFO - Attempts per second: 687.48
2026-04-09 01:46:30,670 - INFO - --------------------------------------------------
2026-04-09 01:46:30,671 - INFO - Starting password crack attempt
2026-04-09 01:46:30,671 - INFO - Hash: 8c6976e5b5410415bde908bd4dee15dfb167a9c873fc4bb8a81f6f2ab448a918
2026-04-09 01:46:30,672 - INFO - Hash type: sha256
2026-04-09 01:46:30,672 - INFO - Attack mode: dictionary
2026-04-09 01:46:30,672 - INFO - GPU acceleration: Disabled
2026-04-09 01:46:30,672 - INFO - SUCCESS: Password found: admin
2026-04-09 01:46:30,673 - INFO - Time elapsed: 0.00 seconds
2026-04-09 01:46:30,673 - INFO - Attempts made: 3
2026-04-09 01:46:30,673 - INFO - Attempts per second: 2446.61
2026-04-09 01:46:30,673 - INFO - --------------------------------------------------
2026-04-09 01:46:58,320 - INFO - Starting password crack attempt
2026-04-09 01:46:58,321 - INFO - Hash: 5f4dcc3b5aa765d61d8327deb882cf99
2026-04-09 01:46:58,321 - INFO - Hash type: md5
2026-04-09 01:46:58,321 - INFO - Attack mode: dictionary
2026-04-09 01:46:58,321 - INFO - GPU acceleration: Disabled
2026-04-09 01:46:58,321 - INFO - SUCCESS: Password found: password
2026-04-09 01:46:58,322 - INFO - Time elapsed: 0.00 seconds
2026-04-09 01:46:58,322 - INFO - Attempts made: 1
2026-04-09 01:46:58,322 - INFO - Attempts per second: 944.24
2026-04-09 01:46:58,322 - INFO - --------------------------------------------------
2026-04-09 01:46:58,323 - INFO - Starting password crack attempt
2026-04-09 01:46:58,323 - INFO - Hash: 098f6bcd4621d373cade4e832627b4f6
2026-04-09 01:46:58,323 - INFO - Hash type: md5
2026-04-09 01:46:58,323 - INFO - Attack mode: brute
2026-04-09 01:46:58,323 - INFO - GPU acceleration: Disabled
2026-04-09 01:46:58,584 - INFO - SUCCESS: Password found: test
2026-04-09 01:46:58,585 - INFO - Time elapsed: 0.26 seconds
2026-04-09 01:46:58,585 - INFO - Attempts made: 337136
2026-04-09 01:46:58,585 - INFO - Attempts per second: 1290499.72
2026-04-09 01:46:58,586 - INFO - --------------------------------------------------
2026-04-09 01:46:58,586 - INFO - Starting password crack attempt
2026-04-09 01:46:58,587 - INFO - Hash: 482c811da5d5b4bc6d497ffa98491e38
2026-04-09 01:46:58,587 - INFO - Hash type: md5
2026-04-09 01:46:58,587 - INFO - Attack mode: hybrid
2026-04-09 01:46:58,587 - INFO - GPU acceleration: Disabled
2026-04-09 01:46:58,587 - INFO - SUCCESS: Password found: password123
2026-04-09 01:46:58,588 - INFO - Time elapsed: 0.00 seconds
2026-04-09 01:46:58,588 - INFO - Attempts made: 124
2026-04-09 01:46:58,588 - INFO - Attempts per second: 112404.08
2026-04-09 01:46:58,588 - INFO - --------------------------------------------------
2026-04-09 01:46:58,589 - INFO - Starting password crack attempt
2026-04-09 01:46:58,589 - INFO - Hash: 0192023a7bbd73250516f069df18b500
2026-04-09 01:46:58,589 - INFO - Hash type: md5
2026-04-09 01:46:58,589 - INFO - Attack mode: rule
2026-04-09 01:46:58,589 - INFO - GPU acceleration: Disabled
2026-04-09 01:46:58,661 - INFO - SUCCESS: Password found: admin123
2026-04-09 01:46:58,661 - INFO - Time elapsed: 0.07 seconds
2026-04-09 01:46:58,661 - INFO - Attempts made: 83129
2026-04-09 01:46:58,661 - INFO - Attempts per second: 1155211.67
2026-04-09 01:46:58,661 - INFO - --------------------------------------------------
2026-04-09 01:46:58,662 - INFO - Starting password crack attempt
2026-04-09 01:46:58,662 - INFO - Hash: 5f4dcc3b5aa765d61d8327deb882cf99
2026-04-09 01:46:58,662 - INFO - Hash type: md5
2026-04-09 01:46:58,662 - INFO - Attack mode: auto
2026-04-09 01:46:58,662 - INFO - GPU acceleration: Disabled
2026-04-09 01:46:58,663 - INFO - SUCCESS: Password found: password
2026-04-09 01:46:58,663 - INFO - Time elapsed: 0.00 seconds
2026-04-09 01:46:58,663 - INFO - Attempts made: 1
2026-04-09 01:46:58,663 - INFO - Attempts per second: 883.76
2026-04-09 01:46:58,664 - INFO - --------------------------------------------------
2026-04-09 01:46:58,664 - INFO - Starting password crack attempt
2026-04-09 01:46:58,664 - INFO - Hash: 5baa61e4c9b93f3f0682250b6cf8331b7ee68fd8
2026-04-09 01:46:58,664 - INFO - Hash type: sha1
2026-04-09 01:46:58,665 - INFO - Attack mode: dictionary
2026-04-09 01:46:58,665 - INFO - GPU acceleration: Disabled
2026-04-09 01:46:58,665 - INFO - SUCCESS: Password found: password
2026-04-09 01:46:58,665 - INFO - Time elapsed: 0.00 seconds
2026-04-09 01:46:58,666 - INFO - Attempts made: 1
2026-04-09 01:46:58,666 - INFO - Attempts per second: 798.31
2026-04-09 01:46:58,666 - INFO - --------------------------------------------------
2026-04-09 01:46:58,667 - INFO - Starting password crack attempt
2026-04-09 01:46:58,667 - INFO - Hash: 8c6976e5b5410415bde908bd4dee15dfb167a9c873fc4bb8a81f6f2ab448a918
2026-04-09 01:46:58,668 - INFO - Hash type: sha256
2026-04-09 01:46:58,668 - INFO - Attack mode: dictionary
2026-04-09 01:46:58,668 - INFO - GPU acceleration: Disabled
2026-04-09 01:46:58,669 - INFO - SUCCESS: Password found: admin
2026-04-09 01:46:58,669 - INFO - Time elapsed: 0.00 seconds
2026-04-09 01:46:58,669 - INFO - Attempts made: 3
2026-04-09 01:46:58,669 - INFO - Attempts per second: 1657.61
2026-04-09 01:46:58,670 - INFO - --------------------------------------------------
2026-04-09 01:50:34,327 - INFO - Starting password crack attempt
2026-04-09 01:50:34,327 - INFO - Hash: 9f86d081884c7d659a2feaa0c55ad015a3bf4f1b2b0b822cd15d6c15b0f00a08
2026-04-09 01:50:34,327 - INFO - Hash type: sha256
2026-04-09 01:50:34,328 - INFO - Attack mode: brute
2026-04-09 01:50:34,328 - INFO - GPU acceleration: Disabled
2026-04-09 01:50:34,621 - INFO - SUCCESS: Password found: test
2026-04-09 01:50:34,622 - INFO - Time elapsed: 0.29 seconds
2026-04-09 01:50:34,622 - INFO - Attempts made: 337136
2026-04-09 01:50:34,622 - INFO - Attempts per second: 1144233.70
2026-04-09 01:50:34,623 - INFO - --------------------------------------------------
2026-04-09 01:50:34,862 - INFO - Starting password crack attempt
2026-04-09 01:50:34,862 - INFO - Hash: 9f86d081884c7d659a2feaa0c55ad015a3bf4f1b2b0b822cd15d6c15b0f00a08
2026-04-09 01:50:34,862 - INFO - Hash type: sha256
2026-04-09 01:50:34,862 - INFO - Attack mode: brute
2026-04-09 01:50:34,862 - INFO - GPU acceleration: Disabled
2026-04-09 01:50:35,148 - INFO - SUCCESS: Password found: test
2026-04-09 01:50:35,149 - INFO - Time elapsed: 0.29 seconds
2026-04-09 01:50:35,149 - INFO - Attempts made: 337136
2026-04-09 01:50:35,149 - INFO - Attempts per second: 1175725.45
2026-04-09 01:50:35,149 - INFO - --------------------------------------------------
2026-04-09 01:50:35,475 - INFO - Starting password crack attempt
2026-04-09 01:50:35,476 - INFO - Hash: 5e884898da28047151d0e56f8dc6292773603d0d6aabbdd62a11ef721d1542d8
2026-04-09 01:50:35,476 - INFO - Hash type: sha256
2026-04-09 01:50:35,476 - INFO - Attack mode: dictionary
2026-04-09 01:50:35,476 - INFO - GPU acceleration: Disabled
2026-04-09 01:50:35,476 - INFO - SUCCESS: Password found: password
2026-04-09 01:50:35,476 - INFO - Time elapsed: 0.00 seconds
2026-04-09 01:50:35,477 - INFO - Attempts made: 1
2026-04-09 01:50:35,477 - INFO - Attempts per second: 967.10
2026-04-09 01:50:35,477 - INFO - --------------------------------------------------
2026-04-09 01:50:59,002 - INFO - Starting password crack attempt
2026-04-09 01:50:59,002 - INFO - Hash: 5e884898da28047151d0e56f8dc6292773603d0d6aabbdd62a11ef721d1542d8
2026-04-09 01:50:59,003 - INFO - Hash type: sha256
2026-04-09 01:50:59,003 - INFO - Attack mode: dictionary
2026-04-09 01:50:59,003 - INFO - GPU acceleration: Disabled
2026-04-09 01:50:59,004 - INFO - SUCCESS: Password found: password
2026-04-09 01:50:59,004 - INFO - Time elapsed: 0.00 seconds
2026-04-09 01:50:59,004 - INFO - Attempts made: 1
2026-04-09 01:50:59,004 - INFO - Attempts per second: 576.30
2026-04-09 01:50:59,004 - INFO - --------------------------------------------------
2026-04-09 01:51:10,281 - INFO - Starting password crack attempt
2026-04-09 01:51:10,281 - INFO - Hash: 9f86d081884c7d659a2feaa0c55ad015a3bf4f1b2b0b822cd15d6c15b0f00a08
2026-04-09 01:51:10,281 - INFO - Hash type: sha256
2026-04-09 01:51:10,282 - INFO - Attack mode: brute
2026-04-09 01:51:10,282 - INFO - GPU acceleration: Disabled
2026-04-09 01:51:10,791 - INFO - SUCCESS: Password found: test
2026-04-09 01:51:10,792 - INFO - Time elapsed: 0.51 seconds
2026-04-09 01:51:10,792 - INFO - Attempts made: 337136
2026-04-09 01:51:10,792 - INFO - Attempts per second: 660314.77
2026-04-09 01:51:10,793 - INFO - --------------------------------------------------
2026-04-09 01:51:50,229 - INFO - Starting password crack attempt
2026-04-09 01:51:50,229 - INFO - Hash: 5e884898da28047151d0e56f8dc6292773603d0d6aabbdd62a11ef721d1542d8
2026-04-09 01:51:50,229 - INFO - Hash type: sha256
2026-04-09 01:51:50,229 - INFO - Attack mode: auto
2026-04-09 01:51:50,229 - INFO - GPU acceleration: Disabled
2026-04-09 01:51:50,230 - INFO - SUCCESS: Password found: password
2026-04-09 01:51:50,230 - INFO - Time elapsed: 0.00 seconds
2026-04-09 01:51:50,230 - INFO - Attempts made: 1
2026-04-09 01:51:50,230 - INFO - Attempts per second: 729.44
2026-04-09 01:51:50,231 - INFO - --------------------------------------------------
2026-04-09 01:51:58,686 - INFO - Starting password crack attempt
2026-04-09 01:51:58,687 - INFO - Hash: 5f4dcc3b5aa765d61d8327deb882cf99
2026-04-09 01:51:58,687 - INFO - Hash type: md5
2026-04-09 01:51:58,687 - INFO - Attack mode: dictionary
2026-04-09 01:51:58,687 - INFO - GPU acceleration: Disabled
2026-04-09 01:51:58,688 - INFO - SUCCESS: Password found: password
2026-04-09 01:51:58,688 - INFO - Time elapsed: 0.00 seconds
2026-04-09 01:51:58,688 - INFO - Attempts made: 1
2026-04-09 01:51:58,688 - INFO - Attempts per second: 579.08
2026-04-09 01:51:58,688 - INFO - --------------------------------------------------
2026-04-09 01:51:58,689 - INFO - Starting password crack attempt
2026-04-09 01:51:58,689 - INFO - Hash: 098f6bcd4621d373cade4e832627b4f6
2026-04-09 01:51:58,689 - INFO - Hash type: md5
2026-04-09 01:51:58,689 - INFO - Attack mode: brute
2026-04-09 01:51:58,689 - INFO - GPU acceleration: Disabled
2026-04-09 01:51:58,966 - INFO - SUCCESS: Password found: test
2026-04-09 01:51:58,966 - INFO - Time elapsed: 0.28 seconds
2026-04-09 01:51:58,967 - INFO - Attempts made: 337136
2026-04-09 01:51:58,967 - INFO - Attempts per second: 1216578.31
2026-04-09 01:51:58,967 - INFO - --------------------------------------------------
2026-04-09 01:51:58,968 - INFO - Starting password crack attempt
2026-04-09 01:51:58,968 - INFO - Hash: 482c811da5d5b4bc6d497ffa98491e38
2026-04-09 01:51:58,968 - INFO - Hash type: md5
2026-04-09 01:51:58,969 - INFO - Attack mode: hybrid
2026-04-09 01:51:58,969 - INFO - GPU acceleration: Disabled
2026-04-09 01:51:58,970 - INFO - SUCCESS: Password found: password123
2026-04-09 01:51:58,970 - INFO - Time elapsed: 0.00 seconds
2026-04-09 01:51:58,970 - INFO - Attempts made: 124
2026-04-09 01:51:58,970 - INFO - Attempts per second: 71905.67
2026-04-09 01:51:58,970 - INFO - --------------------------------------------------
2026-04-09 01:51:58,971 - INFO - Starting password crack attempt
2026-04-09 01:51:58,971 - INFO - Hash: 0192023a7bbd73250516f069df18b500
2026-04-09 01:51:58,971 - INFO - Hash type: md5
2026-04-09 01:51:58,971 - INFO - Attack mode: rule
2026-04-09 01:51:58,971 - INFO - GPU acceleration: Disabled
2026-04-09 01:51:59,050 - INFO - SUCCESS: Password found: admin123
2026-04-09 01:51:59,051 - INFO - Time elapsed: 0.08 seconds
2026-04-09 01:51:59,051 - INFO - Attempts made: 84524
2026-04-09 01:51:59,051 - INFO - Attempts per second: 1064827.33
2026-04-09 01:51:59,051 - INFO - --------------------------------------------------
2026-04-09 01:51:59,052 - INFO - Starting password crack attempt
2026-04-09 01:51:59,052 - INFO - Hash: 5f4dcc3b5aa765d61d8327deb882cf99
2026-04-09 01:51:59,052 - INFO - Hash type: md5
2026-04-09 01:51:59,052 - INFO - Attack mode: auto
2026-04-09 01:51:59,052 - INFO - GPU acceleration: Disabled
2026-04-09 01:51:59,053 - INFO - SUCCESS: Password found: password
2026-04-09 01:51:59,053 - INFO - Time elapsed: 0.00 seconds
2026-04-09 01:51:59,053 - INFO - Attempts made: 1
2026-04-09 01:51:59,053 - INFO - Attempts per second: 891.65
2026-04-09 01:51:59,053 - INFO - --------------------------------------------------
2026-04-09 01:51:59,054 - INFO - Starting password crack attempt
2026-04-09 01:51:59,054 - INFO - Hash: 5baa61e4c9b93f3f0682250b6cf8331b7ee68fd8
2026-04-09 01:51:59,054 - INFO - Hash type: sha1
2026-04-09 01:51:59,054 - INFO - Attack mode: dictionary
2026-04-09 01:51:59,054 - INFO - GPU acceleration: Disabled
2026-04-09 01:51:59,055 - INFO - SUCCESS: Password found: password
2026-04-09 01:51:59,055 - INFO - Time elapsed: 0.00 seconds
2026-04-09 01:51:59,055 - INFO - Attempts made: 1
2026-04-09 01:51:59,055 - INFO - Attempts per second: 986.66
2026-04-09 01:51:59,055 - INFO - --------------------------------------------------
2026-04-09 01:51:59,056 - INFO - Starting password crack attempt
2026-04-09 01:51:59,056 - INFO - Hash: 8c6976e5b5410415bde908bd4dee15dfb167a9c873fc4bb8a81f6f2ab448a918
2026-04-09 01:51:59,056 - INFO - Hash type: sha256
2026-04-09 01:51:59,057 - INFO - Attack mode: dictionary
2026-04-09 01:51:59,057 - INFO - GPU acceleration: Disabled
2026-04-09 01:51:59,058 - INFO - SUCCESS: Password found: admin
2026-04-09 01:51:59,058 - INFO - Time elapsed: 0.00 seconds
2026-04-09 01:51:59,058 - INFO - Attempts made: 3
2026-04-09 01:51:59,058 - INFO - Attempts per second: 1823.87
2026-04-09 01:51:59,058 - INFO - --------------------------------------------------
2026-04-09 01:52:58,215 - INFO - Starting password crack attempt
2026-04-09 01:52:58,215 - INFO - Hash: ef92b778bafe771e89245b89ecbc08a44a4e166c06659911881f383d4473e94f
2026-04-09 01:52:58,215 - INFO - Hash type: sha256
2026-04-09 01:52:58,215 - INFO - Attack mode: hybrid
2026-04-09 01:52:58,216 - INFO - GPU acceleration: Disabled
2026-04-09 01:52:58,216 - INFO - SUCCESS: Password found: password123
2026-04-09 01:52:58,216 - INFO - Time elapsed: 0.00 seconds
2026-04-09 01:52:58,216 - INFO - Attempts made: 124
2026-04-09 01:52:58,216 - INFO - Attempts per second: 100442.97
2026-04-09 01:52:58,217 - INFO - --------------------------------------------------
2026-04-09 01:53:09,255 - INFO - Starting password crack attempt
2026-04-09 01:53:09,255 - INFO - Hash: ef92b778bafe771e89245b89ecbc08a44a4e166c06659911881f383d4473e94f
2026-04-09 01:53:09,255 - INFO - Hash type: sha256
2026-04-09 01:53:09,256 - INFO - Attack mode: hybrid
2026-04-09 01:53:09,256 - INFO - GPU acceleration: Disabled
2026-04-09 01:53:09,257 - INFO - SUCCESS: Password found: password123
2026-04-09 01:53:09,257 - INFO - Time elapsed: 0.00 seconds
2026-04-09 01:53:09,257 - INFO - Attempts made: 124
2026-04-09 01:53:09,257 - INFO - Attempts per second: 81481.07
2026-04-09 01:53:09,257 - INFO - --------------------------------------------------
2026-04-09 01:53:09,451 - INFO - Starting password crack attempt
2026-04-09 01:53:09,452 - INFO - Hash: 240be518fabd2724ddb6f04eeb1da5967448d7e831c08c8fa822809f74c720a9
2026-04-09 01:53:09,452 - INFO - Hash type: sha256
2026-04-09 01:53:09,452 - INFO - Attack mode: dictionary
2026-04-09 01:53:09,452 - INFO - GPU acceleration: Disabled
2026-04-09 01:53:09,453 - INFO - SUCCESS: Password found: admin123
2026-04-09 01:53:09,453 - INFO - Time elapsed: 0.00 seconds
2026-04-09 01:53:09,453 - INFO - Attempts made: 17
2026-04-09 01:53:09,453 - INFO - Attempts per second: 10513.59
2026-04-09 01:53:09,453 - INFO - --------------------------------------------------
2026-04-09 01:53:09,652 - INFO - Starting password crack attempt
2026-04-09 01:53:09,652 - INFO - Hash: 240be518fabd2724ddb6f04eeb1da5967448d7e831c08c8fa822809f74c720a9
2026-04-09 01:53:09,652 - INFO - Hash type: sha256
2026-04-09 01:53:09,653 - INFO - Attack mode: auto
2026-04-09 01:53:09,653 - INFO - GPU acceleration: Disabled
2026-04-09 01:53:09,653 - INFO - SUCCESS: Password found: admin123
2026-04-09 01:53:09,653 - INFO - Time elapsed: 0.00 seconds
2026-04-09 01:53:09,654 - INFO - Attempts made: 17
2026-04-09 01:53:09,654 - INFO - Attempts per second: 11341.37
2026-04-09 01:53:09,654 - INFO - --------------------------------------------------
2026-04-09 01:53:34,138 - INFO - Starting password crack attempt
2026-04-09 01:53:34,139 - INFO - Hash: 9f86d081884c7d659a2feaa0c55ad015a3bf4f1b2b0b822cd15d6c15b0f00a08
2026-04-09 01:53:34,139 - INFO - Hash type: sha256
2026-04-09 01:53:34,139 - INFO - Attack mode: brute
2026-04-09 01:53:34,139 - INFO - GPU acceleration: Disabled
2026-04-09 01:53:34,486 - INFO - SUCCESS: Password found: test
2026-04-09 01:53:34,486 - INFO - Time elapsed: 0.35 seconds
2026-04-09 01:53:34,486 - INFO - Attempts made: 337136
2026-04-09 01:53:34,486 - INFO - Attempts per second: 970120.06
2026-04-09 01:53:34,486 - INFO - --------------------------------------------------
2026-04-09 01:53:34,720 - INFO - Starting password crack attempt
2026-04-09 01:53:34,720 - INFO - Hash: 9f86d081884c7d659a2feaa0c55ad015a3bf4f1b2b0b822cd15d6c15b0f00a08
2026-04-09 01:53:34,720 - INFO - Hash type: sha256
2026-04-09 01:53:34,720 - INFO - Attack mode: brute
2026-04-09 01:53:34,720 - INFO - GPU acceleration: Disabled
2026-04-09 01:53:35,039 - INFO - SUCCESS: Password found: test
2026-04-09 01:53:35,043 - INFO - Time elapsed: 0.32 seconds
2026-04-09 01:53:35,044 - INFO - Attempts made: 337136
2026-04-09 01:53:35,049 - INFO - Attempts per second: 1054880.83
2026-04-09 01:53:35,050 - INFO - --------------------------------------------------
2026-04-09 01:53:35,413 - INFO - Starting password crack attempt
2026-04-09 01:53:35,413 - INFO - Hash: 5e884898da28047151d0e56f8dc6292773603d0d6aabbdd62a11ef721d1542d8
2026-04-09 01:53:35,413 - INFO - Hash type: sha256
2026-04-09 01:53:35,413 - INFO - Attack mode: dictionary
2026-04-09 01:53:35,413 - INFO - GPU acceleration: Disabled
2026-04-09 01:53:35,414 - INFO - FAILED: Password not found
2026-04-09 01:53:35,414 - INFO - Time elapsed: 0.00 seconds
2026-04-09 01:53:35,414 - INFO - Attempts made: 0
2026-04-09 01:53:35,414 - INFO - Attempts per second: 0.00
2026-04-09 01:53:35,414 - INFO - --------------------------------------------------
2026-04-09 01:54:13,361 - INFO - Starting password crack attempt
2026-04-09 01:54:13,361 - INFO - Hash: 9f86d081884c7d659a2feaa0c55ad015a3bf4f1b2b0b822cd15d6c15b0f00a08
2026-04-09 01:54:13,361 - INFO - Hash type: sha256
2026-04-09 01:54:13,361 - INFO - Attack mode: brute
2026-04-09 01:54:13,361 - INFO - GPU acceleration: Disabled
2026-04-09 01:54:13,683 - INFO - SUCCESS: Password found: test
2026-04-09 01:54:13,683 - INFO - Time elapsed: 0.32 seconds
2026-04-09 01:54:13,683 - INFO - Attempts made: 337136
2026-04-09 01:54:13,683 - INFO - Attempts per second: 1046010.89
2026-04-09 01:54:13,683 - INFO - --------------------------------------------------
2026-04-09 01:54:13,924 - INFO - Starting password crack attempt
2026-04-09 01:54:13,924 - INFO - Hash: 9f86d081884c7d659a2feaa0c55ad015a3bf4f1b2b0b822cd15d6c15b0f00a08
2026-04-09 01:54:13,924 - INFO - Hash type: sha256
2026-04-09 01:54:13,924 - INFO - Attack mode: brute
2026-04-09 01:54:13,924 - INFO - GPU acceleration: Disabled
2026-04-09 01:54:14,232 - INFO - SUCCESS: Password found: test
2026-04-09 01:54:14,232 - INFO - Time elapsed: 0.31 seconds
2026-04-09 01:54:14,232 - INFO - Attempts made: 337136
2026-04-09 01:54:14,232 - INFO - Attempts per second: 1093292.94
2026-04-09 01:54:14,232 - INFO - --------------------------------------------------
2026-04-09 01:54:14,576 - INFO - Starting password crack attempt
2026-04-09 01:54:14,576 - INFO - Hash: 5e884898da28047151d0e56f8dc6292773603d0d6aabbdd62a11ef721d1542d8
2026-04-09 01:54:14,576 - INFO - Hash type: sha256
2026-04-09 01:54:14,576 - INFO - Attack mode: dictionary
2026-04-09 01:54:14,577 - INFO - GPU acceleration: Disabled
2026-04-09 01:54:14,577 - INFO - SUCCESS: Password found: password
2026-04-09 01:54:14,577 - INFO - Time elapsed: 0.00 seconds
2026-04-09 01:54:14,577 - INFO - Attempts made: 1
2026-04-09 01:54:14,577 - INFO - Attempts per second: 1012.87
2026-04-09 01:54:14,577 - INFO - --------------------------------------------------
