2026-04-10 00:53:05,020 - INFO - Starting password crack attempt
2026-04-10 00:53:05,020 - INFO - Hash: 9f86d081884c7d659a2feaa0c55ad015a3bf4f1b2b0b822cd15d6c15b0f00a08
2026-04-10 00:53:05,021 - INFO - Hash type: sha256
2026-04-10 00:53:05,021 - INFO - Attack mode: brute
2026-04-10 00:53:05,021 - INFO - GPU acceleration: Disabled
2026-04-10 00:53:05,344 - INFO - SUCCESS: Password found: test
2026-04-10 00:53:05,344 - INFO - Time elapsed: 0.32 seconds
2026-04-10 00:53:05,344 - INFO - Attempts made: 337136
2026-04-10 00:53:05,344 - INFO - Attempts per second: 1042969.59
2026-04-10 00:53:05,345 - INFO - --------------------------------------------------
2026-04-10 00:53:05,566 - INFO - Starting password crack attempt
2026-04-10 00:53:05,566 - INFO - Hash: 9f86d081884c7d659a2feaa0c55ad015a3bf4f1b2b0b822cd15d6c15b0f00a08
2026-04-10 00:53:05,566 - INFO - Hash type: sha256
2026-04-10 00:53:05,566 - INFO - Attack mode: brute
2026-04-10 00:53:05,567 - INFO - GPU acceleration: Disabled
2026-04-10 00:53:05,849 - INFO - SUCCESS: Password found: test
2026-04-10 00:53:05,849 - INFO - Time elapsed: 0.28 seconds
2026-04-10 00:53:05,849 - INFO - Attempts made: 337136
2026-04-10 00:53:05,849 - INFO - Attempts per second: 1191010.36
2026-04-10 00:53:05,850 - INFO - --------------------------------------------------
2026-04-10 00:53:06,184 - INFO - Starting password crack attempt
2026-04-10 00:53:06,184 - INFO - Hash: 5e884898da28047151d0e56f8dc6292773603d0d6aabbdd62a11ef721d1542d8
2026-04-10 00:53:06,184 - INFO - Hash type: sha256
2026-04-10 00:53:06,184 - INFO - Attack mode: dictionary
2026-04-10 00:53:06,184 - INFO - GPU acceleration: Disabled
2026-04-10 00:53:06,184 - INFO - SUCCESS: Password found: password
2026-04-10 00:53:06,184 - INFO - Time elapsed: 0.00 seconds
2026-04-10 00:53:06,184 - INFO - Attempts made: 1
2026-04-10 00:53:06,184 - INFO - Attempts per second: 1900.45
2026-04-10 00:53:06,185 - INFO - --------------------------------------------------
2026-04-10 00:53:21,815 - INFO - Starting password crack attempt
2026-04-10 00:53:21,815 - INFO - Hash: 5e884898da28047151d0e56f8dc6292773603d0d6aabbdd62a11ef721d1542d8
2026-04-10 00:53:21,815 - INFO - Hash type: sha256
2026-04-10 00:53:21,816 - INFO - Attack mode: dictionary
2026-04-10 00:53:21,816 - INFO - GPU acceleration: Disabled
2026-04-10 00:53:21,816 - INFO - SUCCESS: Password found: password
2026-04-10 00:53:21,816 - INFO - Time elapsed: 0.00 seconds
2026-04-10 00:53:21,816 - INFO - Attempts made: 1
2026-04-10 00:53:21,816 - INFO - Attempts per second: 984.58
2026-04-10 00:53:21,816 - INFO - --------------------------------------------------
2026-04-10 00:53:22,141 - INFO - Starting password crack attempt
2026-04-10 00:53:22,141 - INFO - Hash: 9f86d081884c7d659a2feaa0c55ad015a3bf4f1b2b0b822cd15d6c15b0f00a08
2026-04-10 00:53:22,141 - INFO - Hash type: sha256
2026-04-10 00:53:22,141 - INFO - Attack mode: brute
2026-04-10 00:53:22,141 - INFO - GPU acceleration: Disabled
2026-04-10 00:53:22,432 - INFO - SUCCESS: Password found: test
2026-04-10 00:53:22,432 - INFO - Time elapsed: 0.29 seconds
2026-04-10 00:53:22,432 - INFO - Attempts made: 337136
2026-04-10 00:53:22,432 - INFO - Attempts per second: 1160202.13
2026-04-10 00:53:22,432 - INFO - --------------------------------------------------
2026-04-10 00:53:22,728 - INFO - Starting password crack attempt
2026-04-10 00:53:22,728 - INFO - Hash: ef92b778bafe771e89245b89ecbc08a44a4e166c06659911881f383d4473e94f
2026-04-10 00:53:22,728 - INFO - Hash type: sha256
2026-04-10 00:53:22,728 - INFO - Attack mode: hybrid
2026-04-10 00:53:22,728 - INFO - GPU acceleration: Disabled
2026-04-10 00:53:22,728 - INFO - SUCCESS: Password found: password123
2026-04-10 00:53:22,728 - INFO - Time elapsed: 0.00 seconds
2026-04-10 00:53:22,729 - INFO - Attempts made: 124
2026-04-10 00:53:22,729 - INFO - Attempts per second: 175174.70
2026-04-10 00:53:22,729 - INFO - --------------------------------------------------
2026-04-10 00:53:23,041 - INFO - Starting password crack attempt
2026-04-10 00:53:23,041 - INFO - Hash: 240be518fabd2724ddb6f04eeb1da5967448d7e831c08c8fa822809f74c720a9
2026-04-10 00:53:23,041 - INFO - Hash type: sha256
2026-04-10 00:53:23,041 - INFO - Attack mode: rule
2026-04-10 00:53:23,041 - INFO - GPU acceleration: Disabled
2026-04-10 00:53:23,120 - INFO - SUCCESS: Password found: admin123
2026-04-10 00:53:23,120 - INFO - Time elapsed: 0.08 seconds
2026-04-10 00:53:23,120 - INFO - Attempts made: 85082
2026-04-10 00:53:23,120 - INFO - Attempts per second: 1070240.05
2026-04-10 00:53:23,120 - INFO - --------------------------------------------------
2026-04-10 00:53:23,421 - INFO - Starting password crack attempt
2026-04-10 00:53:23,421 - INFO - Hash: 5e884898da28047151d0e56f8dc6292773603d0d6aabbdd62a11ef721d1542d8
2026-04-10 00:53:23,422 - INFO - Hash type: sha256
2026-04-10 00:53:23,422 - INFO - Attack mode: auto
2026-04-10 00:53:23,422 - INFO - GPU acceleration: Disabled
2026-04-10 00:53:23,422 - INFO - SUCCESS: Password found: password
2026-04-10 00:53:23,422 - INFO - Time elapsed: 0.00 seconds
2026-04-10 00:53:23,423 - INFO - Attempts made: 1
2026-04-10 00:53:23,423 - INFO - Attempts per second: 921.83
2026-04-10 00:53:23,423 - INFO - --------------------------------------------------
2026-04-10 00:53:59,289 - INFO - Starting password crack attempt
2026-04-10 00:53:59,289 - INFO - Hash: 9f86d081884c7d659a2feaa0c55ad015a3bf4f1b2b0b822cd15d6c15b0f00a08
2026-04-10 00:53:59,289 - INFO - Hash type: sha256
2026-04-10 00:53:59,289 - INFO - Attack mode: brute
2026-04-10 00:53:59,289 - INFO - GPU acceleration: Disabled
2026-04-10 00:53:59,582 - INFO - SUCCESS: Password found: test
2026-04-10 00:53:59,582 - INFO - Time elapsed: 0.29 seconds
2026-04-10 00:53:59,582 - INFO - Attempts made: 337136
2026-04-10 00:53:59,582 - INFO - Attempts per second: 1149708.70
2026-04-10 00:53:59,583 - INFO - --------------------------------------------------
2026-04-10 00:53:59,822 - INFO - Starting password crack attempt
2026-04-10 00:53:59,823 - INFO - Hash: 9f86d081884c7d659a2feaa0c55ad015a3bf4f1b2b0b822cd15d6c15b0f00a08
2026-04-10 00:53:59,823 - INFO - Hash type: sha256
2026-04-10 00:53:59,823 - INFO - Attack mode: brute
2026-04-10 00:53:59,823 - INFO - GPU acceleration: Disabled
2026-04-10 00:54:00,113 - INFO - SUCCESS: Password found: test
2026-04-10 00:54:00,113 - INFO - Time elapsed: 0.29 seconds
2026-04-10 00:54:00,113 - INFO - Attempts made: 337136
2026-04-10 00:54:00,113 - INFO - Attempts per second: 1159744.43
2026-04-10 00:54:00,113 - INFO - --------------------------------------------------
2026-04-10 00:54:00,460 - INFO - Starting password crack attempt
2026-04-10 00:54:00,460 - INFO - Hash: 5e884898da28047151d0e56f8dc6292773603d0d6aabbdd62a11ef721d1542d8
2026-04-10 00:54:00,460 - INFO - Hash type: sha256
2026-04-10 00:54:00,460 - INFO - Attack mode: dictionary
2026-04-10 00:54:00,460 - INFO - GPU acceleration: Disabled
2026-04-10 00:54:00,460 - INFO - SUCCESS: Password found: password
2026-04-10 00:54:00,460 - INFO - Time elapsed: 0.00 seconds
2026-04-10 00:54:00,460 - INFO - Attempts made: 1
2026-04-10 00:54:00,460 - INFO - Attempts per second: 1842.84
2026-04-10 00:54:00,460 - INFO - --------------------------------------------------
2026-04-10 00:54:09,209 - INFO - Starting password crack attempt
2026-04-10 00:54:09,209 - INFO - Hash: 5e884898da28047151d0e56f8dc6292773603d0d6aabbdd62a11ef721d1542d8
2026-04-10 00:54:09,209 - INFO - Hash type: sha256
2026-04-10 00:54:09,209 - INFO - Attack mode: dictionary
2026-04-10 00:54:09,209 - INFO - GPU acceleration: Disabled
2026-04-10 00:54:09,210 - INFO - SUCCESS: Password found: password
2026-04-10 00:54:09,210 - INFO - Time elapsed: 0.00 seconds
2026-04-10 00:54:09,210 - INFO - Attempts made: 1
2026-04-10 00:54:09,210 - INFO - Attempts per second: 1464.49
2026-04-10 00:54:09,210 - INFO - --------------------------------------------------
2026-04-10 00:54:17,358 - INFO - Starting password crack attempt
2026-04-10 00:54:17,358 - INFO - Hash: 9f86d081884c7d659a2feaa0c55ad015a3bf4f1b2b0b822cd15d6c15b0f00a08
2026-04-10 00:54:17,358 - INFO - Hash type: sha256
2026-04-10 00:54:17,358 - INFO - Attack mode: brute
2026-04-10 00:54:17,358 - INFO - GPU acceleration: Disabled
2026-04-10 00:54:17,634 - INFO - SUCCESS: Password found: test
2026-04-10 00:54:17,635 - INFO - Time elapsed: 0.28 seconds
2026-04-10 00:54:17,635 - INFO - Attempts made: 337136
2026-04-10 00:54:17,635 - INFO - Attempts per second: 1217976.19
2026-04-10 00:54:17,635 - INFO - --------------------------------------------------
2026-04-10 00:54:47,741 - INFO - Starting password crack attempt
2026-04-10 00:54:47,742 - INFO - Hash: ef92b778bafe771e89245b89ecbc08a44a4e166c06659911881f383d4473e94f
2026-04-10 00:54:47,742 - INFO - Hash type: sha256
2026-04-10 00:54:47,742 - INFO - Attack mode: hybrid
2026-04-10 00:54:47,742 - INFO - GPU acceleration: Disabled
2026-04-10 00:54:47,742 - INFO - SUCCESS: Password found: password123
2026-04-10 00:54:47,742 - INFO - Time elapsed: 0.00 seconds
2026-04-10 00:54:47,742 - INFO - Attempts made: 124
2026-04-10 00:54:47,742 - INFO - Attempts per second: 164690.85
2026-04-10 00:54:47,742 - INFO - --------------------------------------------------
2026-04-10 00:54:48,064 - INFO - Starting password crack attempt
2026-04-10 00:54:48,064 - INFO - Hash: 240be518fabd2724ddb6f04eeb1da5967448d7e831c08c8fa822809f74c720a9
2026-04-10 00:54:48,064 - INFO - Hash type: sha256
2026-04-10 00:54:48,064 - INFO - Attack mode: rule
2026-04-10 00:54:48,064 - INFO - GPU acceleration: Disabled
2026-04-10 00:54:48,160 - INFO - SUCCESS: Password found: admin123
2026-04-10 00:54:48,160 - INFO - Time elapsed: 0.10 seconds
2026-04-10 00:54:48,160 - INFO - Attempts made: 84087
2026-04-10 00:54:48,160 - INFO - Attempts per second: 876989.13
2026-04-10 00:54:48,160 - INFO - --------------------------------------------------
2026-04-10 00:55:24,635 - INFO - Starting password crack attempt
2026-04-10 00:55:24,635 - INFO - Hash: 5e884898da28047151d0e56f8dc6292773603d0d6aabbdd62a11ef721d1542d8
2026-04-10 00:55:24,635 - INFO - Hash type: sha256
2026-04-10 00:55:24,635 - INFO - Attack mode: auto
2026-04-10 00:55:24,635 - INFO - GPU acceleration: Disabled
2026-04-10 00:55:24,636 - INFO - SUCCESS: Password found: password
2026-04-10 00:55:24,636 - INFO - Time elapsed: 0.00 seconds
2026-04-10 00:55:24,636 - INFO - Attempts made: 1
2026-04-10 00:55:24,636 - INFO - Attempts per second: 880.05
2026-04-10 00:55:24,636 - INFO - --------------------------------------------------
2026-04-10 00:55:24,950 - INFO - Starting password crack attempt
2026-04-10 00:55:24,950 - INFO - Hash: 5baa61e4c9b93f3f0682250b6cf8331b7ee68fd8
2026-04-10 00:55:24,950 - INFO - Hash type: sha1
2026-04-10 00:55:24,950 - INFO - Attack mode: dictionary
2026-04-10 00:55:24,950 - INFO - GPU acceleration: Disabled
2026-04-10 00:55:24,950 - INFO - SUCCESS: Password found: password
2026-04-10 00:55:24,951 - INFO - Time elapsed: 0.00 seconds
2026-04-10 00:55:24,951 - INFO - Attempts made: 1
2026-04-10 00:55:24,951 - INFO - Attempts per second: 1482.61
2026-04-10 00:55:24,951 - INFO - --------------------------------------------------
2026-04-10 00:56:22,111 - INFO - Starting password crack attempt
2026-04-10 00:56:22,112 - INFO - Hash: 9f86d081884c7d659a2feaa0c55ad015a3bf4f1b2b0b822cd15d6c15b0f00a08
2026-04-10 00:56:22,112 - INFO - Hash type: sha256
2026-04-10 00:56:22,112 - INFO - Attack mode: brute
2026-04-10 00:56:22,112 - INFO - GPU acceleration: Disabled
2026-04-10 00:56:22,391 - INFO - SUCCESS: Password found: test
2026-04-10 00:56:22,391 - INFO - Time elapsed: 0.28 seconds
2026-04-10 00:56:22,392 - INFO - Attempts made: 337136
2026-04-10 00:56:22,392 - INFO - Attempts per second: 1205530.30
2026-04-10 00:56:22,392 - INFO - --------------------------------------------------
2026-04-10 00:56:22,620 - INFO - Starting password crack attempt
2026-04-10 00:56:22,621 - INFO - Hash: 9f86d081884c7d659a2feaa0c55ad015a3bf4f1b2b0b822cd15d6c15b0f00a08
2026-04-10 00:56:22,621 - INFO - Hash type: sha256
2026-04-10 00:56:22,621 - INFO - Attack mode: brute
2026-04-10 00:56:22,621 - INFO - GPU acceleration: Disabled
2026-04-10 00:56:22,891 - INFO - SUCCESS: Password found: test
2026-04-10 00:56:22,891 - INFO - Time elapsed: 0.27 seconds
2026-04-10 00:56:22,892 - INFO - Attempts made: 337136
2026-04-10 00:56:22,892 - INFO - Attempts per second: 1246869.38
2026-04-10 00:56:22,892 - INFO - --------------------------------------------------
2026-04-10 00:56:23,251 - INFO - Starting password crack attempt
2026-04-10 00:56:23,252 - INFO - Hash: 5e884898da28047151d0e56f8dc6292773603d0d6aabbdd62a11ef721d1542d8
2026-04-10 00:56:23,252 - INFO - Hash type: sha256
2026-04-10 00:56:23,252 - INFO - Attack mode: dictionary
2026-04-10 00:56:23,252 - INFO - GPU acceleration: Disabled
2026-04-10 00:56:23,253 - INFO - SUCCESS: Password found: password
2026-04-10 00:56:23,253 - INFO - Time elapsed: 0.00 seconds
2026-04-10 00:56:23,253 - INFO - Attempts made: 1
2026-04-10 00:56:23,253 - INFO - Attempts per second: 657.11
2026-04-10 00:56:23,253 - INFO - --------------------------------------------------
2026-04-10 00:56:27,843 - INFO - Starting password crack attempt
2026-04-10 00:56:27,843 - INFO - Hash: 5e884898da28047151d0e56f8dc6292773603d0d6aabbdd62a11ef721d1542d8
2026-04-10 00:56:27,843 - INFO - Hash type: sha256
2026-04-10 00:56:27,843 - INFO - Attack mode: dictionary
2026-04-10 00:56:27,843 - INFO - GPU acceleration: Disabled
2026-04-10 00:56:27,844 - INFO - SUCCESS: Password found: password
2026-04-10 00:56:27,844 - INFO - Time elapsed: 0.00 seconds
2026-04-10 00:56:27,845 - INFO - Attempts made: 1
2026-04-10 00:56:27,845 - INFO - Attempts per second: 584.16
2026-04-10 00:56:27,845 - INFO - --------------------------------------------------
2026-04-10 00:56:49,594 - INFO - Starting password crack attempt
2026-04-10 00:56:49,595 - INFO - Hash: 9f86d081884c7d659a2feaa0c55ad015a3bf4f1b2b0b822cd15d6c15b0f00a08
2026-04-10 00:56:49,595 - INFO - Hash type: sha256
2026-04-10 00:56:49,595 - INFO - Attack mode: brute
2026-04-10 00:56:49,595 - INFO - GPU acceleration: Disabled
2026-04-10 00:56:49,849 - INFO - SUCCESS: Password found: test
2026-04-10 00:56:49,850 - INFO - Time elapsed: 0.25 seconds
2026-04-10 00:56:49,850 - INFO - Attempts made: 337136
2026-04-10 00:56:49,850 - INFO - Attempts per second: 1323937.09
2026-04-10 00:56:49,850 - INFO - --------------------------------------------------
2026-04-10 00:58:59,676 - INFO - Starting password crack attempt
2026-04-10 00:58:59,676 - INFO - Hash: 37290d74ac4d186e3a8e5785d259d2ec04fac91ae28092e7620ec8bc99e830aa
2026-04-10 00:58:59,676 - INFO - Hash type: sha256
2026-04-10 00:58:59,676 - INFO - Attack mode: dictionary
2026-04-10 00:58:59,677 - INFO - GPU acceleration: Disabled
2026-04-10 00:58:59,677 - INFO - FAILED: Password not found
2026-04-10 00:58:59,677 - INFO - Time elapsed: 0.00 seconds
2026-04-10 00:58:59,678 - INFO - Attempts made: 66
2026-04-10 00:58:59,678 - INFO - Attempts per second: 49547.89
2026-04-10 00:58:59,678 - INFO - --------------------------------------------------
2026-04-10 00:59:11,531 - INFO - Starting password crack attempt
2026-04-10 00:59:11,532 - INFO - Hash: 37290d74ac4d186e3a8e5785d259d2ec04fac91ae28092e7620ec8bc99e830aa
2026-04-10 00:59:11,532 - INFO - Hash type: sha256
2026-04-10 00:59:11,532 - INFO - Attack mode: hybrid
2026-04-10 00:59:11,532 - INFO - GPU acceleration: Disabled
2026-04-10 00:59:11,614 - INFO - FAILED: Password not found
2026-04-10 00:59:11,615 - INFO - Time elapsed: 0.08 seconds
2026-04-10 00:59:11,615 - INFO - Attempts made: 107382
2026-04-10 00:59:11,615 - INFO - Attempts per second: 1288736.40
2026-04-10 00:59:11,615 - INFO - --------------------------------------------------
2026-04-10 00:59:18,604 - INFO - Starting password crack attempt
2026-04-10 00:59:18,605 - INFO - Hash: 37290d74ac4d186e3a8e5785d259d2ec04fac91ae28092e7620ec8bc99e830aa
2026-04-10 00:59:18,605 - INFO - Hash type: sha256
2026-04-10 00:59:18,605 - INFO - Attack mode: rule
2026-04-10 00:59:18,605 - INFO - GPU acceleration: Disabled
2026-04-10 00:59:18,875 - INFO - FAILED: Password not found
2026-04-10 00:59:18,876 - INFO - Time elapsed: 0.27 seconds
2026-04-10 00:59:18,876 - INFO - Attempts made: 313263
2026-04-10 00:59:18,876 - INFO - Attempts per second: 1155115.04
2026-04-10 00:59:18,877 - INFO - --------------------------------------------------
2026-04-10 00:59:27,144 - INFO - Starting password crack attempt
2026-04-10 00:59:27,144 - INFO - Hash: 37290d74ac4d186e3a8e5785d259d2ec04fac91ae28092e7620ec8bc99e830aa
2026-04-10 00:59:27,144 - INFO - Hash type: sha256
2026-04-10 00:59:27,145 - INFO - Attack mode: auto
2026-04-10 00:59:27,145 - INFO - GPU acceleration: Disabled
2026-04-10 01:02:11,813 - INFO - Starting password crack attempt
2026-04-10 01:02:11,813 - INFO - Hash: 37290d74ac4d186e3a8e5785d259d2ec04fac91ae28092e7620ec8bc99e830aa
2026-04-10 01:02:11,813 - INFO - Hash type: sha256
2026-04-10 01:02:11,813 - INFO - Attack mode: brute
2026-04-10 01:02:11,814 - INFO - GPU acceleration: Disabled
2026-04-10 01:02:43,759 - INFO - SUCCESS: Password found: coffee
2026-04-10 01:02:43,759 - INFO - Time elapsed: 31.95 seconds
2026-04-10 01:02:43,759 - INFO - Attempts made: 42608415
2026-04-10 01:02:43,759 - INFO - Attempts per second: 1333772.21
2026-04-10 01:02:43,759 - INFO - --------------------------------------------------
2026-04-10 01:04:39,705 - INFO - Starting password crack attempt
2026-04-10 01:04:39,705 - INFO - Hash: 37290d74ac4d186e3a8e5785d259d2ec04fac91ae28092e7620ec8bc99e830aa
2026-04-10 01:04:39,706 - INFO - Hash type: sha256
2026-04-10 01:04:39,706 - INFO - Attack mode: auto
2026-04-10 01:04:39,706 - INFO - GPU acceleration: Disabled
2026-04-10 01:05:35,435 - INFO - Starting password crack attempt
2026-04-10 01:05:35,435 - INFO - Hash: 37290d74ac4d186e3a8e5785d259d2ec04fac91ae28092e7620ec8bc99e830aa
2026-04-10 01:05:35,435 - INFO - Hash type: sha256
2026-04-10 01:05:35,435 - INFO - Attack mode: auto
2026-04-10 01:05:35,435 - INFO - GPU acceleration: Disabled
2026-04-10 01:06:04,892 - INFO - Starting password crack attempt
2026-04-10 01:06:04,892 - INFO - Hash: 37290d74ac4d186e3a8e5785d259d2ec04fac91ae28092e7620ec8bc99e830aa
2026-04-10 01:06:04,892 - INFO - Hash type: sha256
2026-04-10 01:06:04,893 - INFO - Attack mode: brute
2026-04-10 01:06:04,893 - INFO - GPU acceleration: Disabled
2026-04-10 01:06:43,104 - INFO - SUCCESS: Password found: coffee
2026-04-10 01:06:43,104 - INFO - Time elapsed: 38.21 seconds
2026-04-10 01:06:43,105 - INFO - Attempts made: 42608415
2026-04-10 01:06:43,105 - INFO - Attempts per second: 1115049.53
2026-04-10 01:06:43,105 - INFO - --------------------------------------------------
2026-04-10 22:00:47,060 - INFO - Starting password crack attempt
2026-04-10 22:00:47,061 - INFO - Hash: 5f4dcc3b5aa765d61d8327deb882cf99
2026-04-10 22:00:47,061 - INFO - Hash type: md5
2026-04-10 22:00:47,061 - INFO - Attack mode: dictionary
2026-04-10 22:00:47,062 - INFO - GPU acceleration: Disabled
2026-04-10 22:00:47,078 - INFO - SUCCESS: Password found: password
2026-04-10 22:00:47,078 - INFO - Time elapsed: 0.02 seconds
2026-04-10 22:00:47,078 - INFO - Attempts made: 1
2026-04-10 22:00:47,078 - INFO - Attempts per second: 55.51
2026-04-10 22:00:47,078 - INFO - --------------------------------------------------
2026-04-10 22:00:47,079 - INFO - Starting password crack attempt
2026-04-10 22:00:47,079 - INFO - Hash: 098f6bcd4621d373cade4e832627b4f6
2026-04-10 22:00:47,079 - INFO - Hash type: md5
2026-04-10 22:00:47,079 - INFO - Attack mode: brute
2026-04-10 22:00:47,079 - INFO - GPU acceleration: Disabled
2026-04-10 22:00:47,576 - INFO - SUCCESS: Password found: test
2026-04-10 22:00:47,576 - INFO - Time elapsed: 0.50 seconds
2026-04-10 22:00:47,576 - INFO - Attempts made: 337136
2026-04-10 22:00:47,576 - INFO - Attempts per second: 678398.06
2026-04-10 22:00:47,576 - INFO - --------------------------------------------------
2026-04-10 22:00:47,576 - INFO - Starting password crack attempt
2026-04-10 22:00:47,576 - INFO - Hash: 482c811da5d5b4bc6d497ffa98491e38
2026-04-10 22:00:47,576 - INFO - Hash type: md5
2026-04-10 22:00:47,577 - INFO - Attack mode: hybrid
2026-04-10 22:00:47,577 - INFO - GPU acceleration: Disabled
2026-04-10 22:00:47,579 - INFO - SUCCESS: Password found: password123
2026-04-10 22:00:47,579 - INFO - Time elapsed: 0.00 seconds
2026-04-10 22:00:47,579 - INFO - Attempts made: 124
2026-04-10 22:00:47,579 - INFO - Attempts per second: 51807.32
2026-04-10 22:00:47,580 - INFO - --------------------------------------------------
2026-04-10 22:00:47,580 - INFO - Starting password crack attempt
2026-04-10 22:00:47,580 - INFO - Hash: 0192023a7bbd73250516f069df18b500
2026-04-10 22:00:47,580 - INFO - Hash type: md5
2026-04-10 22:00:47,580 - INFO - Attack mode: rule
2026-04-10 22:00:47,580 - INFO - GPU acceleration: Disabled
2026-04-10 22:00:47,744 - INFO - SUCCESS: Password found: admin123
2026-04-10 22:00:47,744 - INFO - Time elapsed: 0.16 seconds
2026-04-10 22:00:47,744 - INFO - Attempts made: 83903
2026-04-10 22:00:47,744 - INFO - Attempts per second: 510600.71
2026-04-10 22:00:47,744 - INFO - --------------------------------------------------
2026-04-10 22:00:47,745 - INFO - Starting password crack attempt
2026-04-10 22:00:47,745 - INFO - Hash: 5f4dcc3b5aa765d61d8327deb882cf99
2026-04-10 22:00:47,745 - INFO - Hash type: md5
2026-04-10 22:00:47,745 - INFO - Attack mode: auto
2026-04-10 22:00:47,745 - INFO - GPU acceleration: Disabled
2026-04-10 22:00:47,745 - INFO - SUCCESS: Password found: password
2026-04-10 22:00:47,745 - INFO - Time elapsed: 0.00 seconds
2026-04-10 22:00:47,746 - INFO - Attempts made: 1
2026-04-10 22:00:47,746 - INFO - Attempts per second: 1225.33
2026-04-10 22:00:47,746 - INFO - --------------------------------------------------
2026-04-10 22:00:47,746 - INFO - Starting password crack attempt
2026-04-10 22:00:47,746 - INFO - Hash: 5baa61e4c9b93f3f0682250b6cf8331b7ee68fd8
2026-04-10 22:00:47,746 - INFO - Hash type: sha1
2026-04-10 22:00:47,746 - INFO - Attack mode: dictionary
2026-04-10 22:00:47,746 - INFO - GPU acceleration: Disabled
2026-04-10 22:00:47,763 - INFO - SUCCESS: Password found: password
2026-04-10 22:00:47,764 - INFO - Time elapsed: 0.02 seconds
2026-04-10 22:00:47,764 - INFO - Attempts made: 1
2026-04-10 22:00:47,764 - INFO - Attempts per second: 56.88
2026-04-10 22:00:47,764 - INFO - --------------------------------------------------
2026-04-10 22:00:47,766 - INFO - Starting password crack attempt
2026-04-10 22:00:47,767 - INFO - Hash: 8c6976e5b5410415bde908bd4dee15dfb167a9c873fc4bb8a81f6f2ab448a918
2026-04-10 22:00:47,767 - INFO - Hash type: sha256
2026-04-10 22:00:47,767 - INFO - Attack mode: dictionary
2026-04-10 22:00:47,767 - INFO - GPU acceleration: Disabled
2026-04-10 22:00:47,768 - INFO - SUCCESS: Password found: admin
2026-04-10 22:00:47,768 - INFO - Time elapsed: 0.00 seconds
2026-04-10 22:00:47,768 - INFO - Attempts made: 3
2026-04-10 22:00:47,768 - INFO - Attempts per second: 2470.63
2026-04-10 22:00:47,768 - INFO - --------------------------------------------------
